testing_temp\temp-test__Time_Adimensional_int8_int64__.cpp: In function 'int main(int, char**)':
testing_temp\temp-test__Time_Adimensional_int8_int64__.cpp:9:66: error: invalid use of incomplete type 'struct dim_analysis::Unmatched_dimensions_in_addition_between<signed char, Dimensions<std::ratio<0ll>, std::ratio<1ll>, std::ratio<0ll>, std::ratio<0ll>, std::ratio<0ll>, std::ratio<0ll>, std::ratio<0ll> >, long long int, Dimensions<std::ratio<0ll>, std::ratio<0ll>, std::ratio<0ll>, std::ratio<0ll>, std::ratio<0ll>, std::ratio<0ll>, std::ratio<0ll> > >'
             std::cout << (int8<Time>(16) + int64<Adimensional>(32)) << std::endl;;std::cout << (int8<Time>(32) - int64<Adimensional>(16));;
                                                                  ^
In file included from testing_temp\temp-test__Time_Adimensional_int8_int64__.cpp:3:0:
testing_temp\../dimensional_analysis.h:242:26: note: declaration of 'struct dim_analysis::Unmatched_dimensions_in_addition_between<signed char, Dimensions<std::ratio<0ll>, std::ratio<1ll>, std::ratio<0ll>, std::ratio<0ll>, std::ratio<0ll>, std::ratio<0ll>, std::ratio<0ll> >, long long int, Dimensions<std::ratio<0ll>, std::ratio<0ll>, std::ratio<0ll>, std::ratio<0ll>, std::ratio<0ll>, std::ratio<0ll>, std::ratio<0ll> > >'
   SAME_UNITS_OPERATOR(+, Unmatched_dimensions_in_addition_between)
                          ^
testing_temp\../dimensional_analysis.h:194:94: note: in definition of macro 'SAME_UNITS_OPERATOR'
    template<typename NumT_lhs, typename DimsLhs, typename NumT_rhs, typename DimsRhs> struct ERROR_MESSAGE;\
                                                                                              ^~~~~~~~~~~~~
testing_temp\temp-test__Time_Adimensional_int8_int64__.cpp:9:136: error: invalid use of incomplete type 'struct dim_analysis::Unmatched_dimensions_in_subtraction_between<signed char, Dimensions<std::ratio<0ll>, std::ratio<1ll>, std::ratio<0ll>, std::ratio<0ll>, std::ratio<0ll>, std::ratio<0ll>, std::ratio<0ll> >, long long int, Dimensions<std::ratio<0ll>, std::ratio<0ll>, std::ratio<0ll>, std::ratio<0ll>, std::ratio<0ll>, std::ratio<0ll>, std::ratio<0ll> > >'
             std::cout << (int8<Time>(16) + int64<Adimensional>(32)) << std::endl;;std::cout << (int8<Time>(32) - int64<Adimensional>(16));;
                                                                                                                                        ^
In file included from testing_temp\temp-test__Time_Adimensional_int8_int64__.cpp:3:0:
testing_temp\../dimensional_analysis.h:243:26: note: declaration of 'struct dim_analysis::Unmatched_dimensions_in_subtraction_between<signed char, Dimensions<std::ratio<0ll>, std::ratio<1ll>, std::ratio<0ll>, std::ratio<0ll>, std::ratio<0ll>, std::ratio<0ll>, std::ratio<0ll> >, long long int, Dimensions<std::ratio<0ll>, std::ratio<0ll>, std::ratio<0ll>, std::ratio<0ll>, std::ratio<0ll>, std::ratio<0ll>, std::ratio<0ll> > >'
   SAME_UNITS_OPERATOR(-, Unmatched_dimensions_in_subtraction_between)
                          ^
testing_temp\../dimensional_analysis.h:194:94: note: in definition of macro 'SAME_UNITS_OPERATOR'
    template<typename NumT_lhs, typename DimsLhs, typename NumT_rhs, typename DimsRhs> struct ERROR_MESSAGE;\
                                                                                              ^~~~~~~~~~~~~
