testing_temp\temp-test__Adimensional_Time_int32_float64_True_False_-8190956024373581410_True_False__.cpp: In function 'int main(int, char**)':
testing_temp\temp-test__Adimensional_Time_int32_float64_True_False_-8190956024373581410_True_False__.cpp:11:144: error: invalid use of incomplete type 'struct dim_analysis::Unmatched_dimensions_in_addition_between<int, Dimensions<std::ratio<0ll>, std::ratio<0ll>, std::ratio<0ll>, std::ratio<0ll>, std::ratio<0ll>, std::ratio<0ll>, std::ratio<0ll> >, double, Dimensions<std::ratio<0ll>, std::ratio<1ll>, std::ratio<0ll>, std::ratio<0ll>, std::ratio<0ll>, std::ratio<0ll>, std::ratio<0ll> > >'
             std::int32_t bi_a = 7;double bi_b = 2;auto bi_c = bi_a / bi_b;int32<Adimensional> lt_a(7);float64<Time> lt_b(2);auto lt_c = lt_a + lt_b;std::cout << bi_c == lt_c.value << std::endl;std::cout << std::is_same<decltype(bi_c), decltype(lt_c.value)>::result;
                                                                                                                                                ^~~~
In file included from testing_temp\temp-test__Adimensional_Time_int32_float64_True_False_-8190956024373581410_True_False__.cpp:5:0:
testing_temp\../dimensional_analysis.h:242:26: note: declaration of 'struct dim_analysis::Unmatched_dimensions_in_addition_between<int, Dimensions<std::ratio<0ll>, std::ratio<0ll>, std::ratio<0ll>, std::ratio<0ll>, std::ratio<0ll>, std::ratio<0ll>, std::ratio<0ll> >, double, Dimensions<std::ratio<0ll>, std::ratio<1ll>, std::ratio<0ll>, std::ratio<0ll>, std::ratio<0ll>, std::ratio<0ll>, std::ratio<0ll> > >'
   SAME_UNITS_OPERATOR(+, Unmatched_dimensions_in_addition_between)
                          ^
testing_temp\../dimensional_analysis.h:194:94: note: in definition of macro 'SAME_UNITS_OPERATOR'
    template<typename NumT_lhs, typename DimsLhs, typename NumT_rhs, typename DimsRhs> struct ERROR_MESSAGE;\
                                                                                              ^~~~~~~~~~~~~
testing_temp\temp-test__Adimensional_Time_int32_float64_True_False_-8190956024373581410_True_False__.cpp:11:256: error: template argument 2 is invalid
             std::int32_t bi_a = 7;double bi_b = 2;auto bi_c = bi_a / bi_b;int32<Adimensional> lt_a(7);float64<Time> lt_b(2);auto lt_c = lt_a + lt_b;std::cout << bi_c == lt_c.value << std::endl;std::cout << std::is_same<decltype(bi_c), decltype(lt_c.value)>::result;
                                                                                                                                                                                                                                                                ^
