g++: error: testing_temp\temp-test__Adimensional_Length_uint64_float128_False_False_: No such file or directory
g++: fatal error: no input files
compilation terminated.
'_False_False__.cpp' is not recognized as an internal or external command,
operable program or batch file.
'_False_False__.exe' is not recognized as an internal or external command,
operable program or batch file.
