g++: error: testing_temp\temp-test__Length_Time_int32_float32_False_False_: No such file or directory
g++: fatal error: no input files
compilation terminated.
'_False_False__.cpp' is not recognized as an internal or external command,
operable program or batch file.
'_False_False__.exe' is not recognized as an internal or external command,
operable program or batch file.
