g++: error: testing_temp\temp-test__Adimensional_Adimensional_int64_uint16_True_False_: No such file or directory
g++: fatal error: no input files
compilation terminated.
'_True_False__.cpp' is not recognized as an internal or external command,
operable program or batch file.
'_True_False__.exe' is not recognized as an internal or external command,
operable program or batch file.
