g++: error: testing_temp\temp-test__Time_Adimensional_int8_uint64_True_True_=_True_True__.cpp: No such file or directory
g++: fatal error: no input files
compilation terminated.
